\BOOKMARK [1][-]{section.1}{Introduction}{}% 1
\BOOKMARK [1][-]{section.2}{Code Injection Attacks in Web Applications}{}% 2
\BOOKMARK [1][-]{section.3}{Exploitation Model}{}% 3
\BOOKMARK [1][-]{section.4}{Analysis Dimensions}{}% 4
\BOOKMARK [2][-]{subsection.4.1}{Accuracy}{section.4}% 5
\BOOKMARK [2][-]{subsection.4.2}{Availability}{section.4}% 6
\BOOKMARK [2][-]{subsection.4.3}{Performance Overhead}{section.4}% 7
\BOOKMARK [2][-]{subsection.4.4}{Ease of Use}{section.4}% 8
\BOOKMARK [2][-]{subsection.4.5}{Security}{section.4}% 9
\BOOKMARK [2][-]{subsection.4.6}{Point of Detection}{section.4}% 10
\BOOKMARK [1][-]{section.5}{Defenses}{}% 11
\BOOKMARK [2][-]{subsection.5.1}{Etiological}{section.5}% 12
\BOOKMARK [3][-]{subsubsection.5.1.1}{Parse-Tree Validation}{subsection.5.1}% 13
\BOOKMARK [3][-]{subsubsection.5.1.2}{Policy Enforcement}{subsection.5.1}% 14
\BOOKMARK [3][-]{subsubsection.5.1.3}{Instruction Set Randomization \(ISR\)}{subsection.5.1}% 15
\BOOKMARK [2][-]{subsection.5.2}{Symptomatic}{section.5}% 16
\BOOKMARK [3][-]{subsubsection.5.2.1}{Taint Tracking}{subsection.5.2}% 17
\BOOKMARK [3][-]{subsubsection.5.2.2}{Training}{subsection.5.2}% 18
\BOOKMARK [2][-]{subsection.5.3}{Hybrid}{section.5}% 19
\BOOKMARK [1][-]{section.6}{Observations}{}% 20
\BOOKMARK [2][-]{subsection.6.1}{Accuracy}{section.6}% 21
\BOOKMARK [2][-]{subsection.6.2}{Availability}{section.6}% 22
\BOOKMARK [2][-]{subsection.6.3}{Performance Overhead}{section.6}% 23
\BOOKMARK [2][-]{subsection.6.4}{Ease of Use}{section.6}% 24
\BOOKMARK [2][-]{subsection.6.5}{Security}{section.6}% 25
\BOOKMARK [2][-]{subsection.6.6}{Point of Detection}{section.6}% 26
\BOOKMARK [1][-]{section.7}{Recommendations and Lessons Learned}{}% 27
\BOOKMARK [2][-]{subsection.7.1}{Improving Testing Accuracy}{section.7}% 28
\BOOKMARK [2][-]{subsection.7.2}{Code Availability}{section.7}% 29
\BOOKMARK [2][-]{subsection.7.3}{Performance Overhead and Deployment Remarks}{section.7}% 30
\BOOKMARK [1][-]{section.8}{Conclusion}{}% 31
